#
# A fatal error has been detected by the Java Runtime Environment:
#
#  SIGSEGV (0xb) at pc=0x00007f62b25e8279, pid=6489, tid=0x00007f6313425700
#
# JRE version: OpenJDK Runtime Environment (8.0_144-b01) (build 1.8.0_144-8u144-b01-2-b01)
# Java VM: OpenJDK 64-Bit Server VM (25.144-b01 mixed mode linux-amd64 compressed oops)
# Problematic frame:
# C  [liblwjgl_opengl.so+0x48279]  Java_org_lwjgl_opengl_GL11_glMatrixMode+0x9
#
# Core dump written. Default location: /home/rb2750/Documents/Projects/LWJGL Test/core or core.6489
#
# If you would like to submit a bug report, please visit:
#   http://bugreport.java.com/bugreport/crash.jsp
# The crash happened outside the Java Virtual Machine in native code.
# See problematic frame for where to report the bug.
#

---------------  T H R E A D  ---------------

Current thread (0x00007f630c00f000):  JavaThread "main" [_thread_in_native, id=6492, stack(0x00007f6313325000,0x00007f6313426000)]

siginfo: si_signo: 11 (SIGSEGV), si_code: 1 (SEGV_MAPERR), si_addr: 0x0000000000001eb0

Registers:
RAX=0x0000000000000000, RBX=0x00007f62fb64dfa0, RCX=0x0000000000000018, RDX=0x0000000000001700
RSP=0x00007f6313424838, RBP=0x00007f6313424890, RSI=0x00007f63134248a0, RDI=0x0000000000001700
R8 =0x00007f62fb64dfa0, R9 =0x0000000000000004, R10=0x00007f62fc9f0748, R11=0x00007f631202c1b0
R12=0x0000000000000000, R13=0x00007f62fb64df98, R14=0x00007f63134248b0, R15=0x00007f630c00f000
RIP=0x00007f62b25e8279, EFLAGS=0x0000000000010287, CSGSFS=0x002b000000000033, ERR=0x0000000000000004
  TRAPNO=0x000000000000000e

Top of Stack: (sp=0x00007f6313424838)
0x00007f6313424838:   00007f62fc9f0774 fffffffe00000000
0x00007f6313424848:   00007f62fc9f04c2 00007f6313424850
0x00007f6313424858:   00007f62fb64df98 00007f63134248b0
0x00007f6313424868:   00007f62fb668510 0000000000000000
0x00007f6313424878:   00007f62fb64dfa0 0000000000000000
0x00007f6313424888:   00007f63134248b0 00007f63134248f8
0x00007f6313424898:   00007f62fc9e0ffd 00000000d794a8c0
0x00007f63134248a8:   00007f62fc9ea278 0000000000001700
0x00007f63134248b8:   00007f63134248b8 00007f62fb4ce3ab
0x00007f63134248c8:   00007f6313424918 00007f62fb4d20b0
0x00007f63134248d8:   0000000000000000 00007f62fb4ce448
0x00007f63134248e8:   00007f63134248b0 00007f6313424918
0x00007f63134248f8:   00007f6313424960 00007f62fc9e0ffd
0x00007f6313424908:   0000000000000000 0000000000000000
0x00007f6313424918:   00000000d7138bb0 00007f6313424920
0x00007f6313424928:   00007f62fb4ce07d 00007f6313424970
0x00007f6313424938:   00007f62fb4d20b0 0000000000000000
0x00007f6313424948:   00007f62fb4ce0b8 00007f6313424918
0x00007f6313424958:   00007f6313424970 00007f63134249b8
0x00007f6313424968:   00007f62fc9e0ffd 00000000d7138bb0
0x00007f6313424978:   00007f6313424978 00007f62fb4ce767
0x00007f6313424988:   00007f63134249c8 00007f62fb4d20b0
0x00007f6313424998:   0000000000000000 00007f62fb4ce780
0x00007f63134249a8:   00007f6313424970 00007f63134249c8
0x00007f63134249b8:   00007f6313424a30 00007f62fc9d94e7
0x00007f63134249c8:   00000000d7138ba0 0000000000001fa0
0x00007f63134249d8:   00007f62fb4ce780 00007f6313424c20
0x00007f63134249e8:   00007f6313424ad0 00007f630c00f000
0x00007f63134249f8:   00007f630c00f000 00007f6313424ad0
0x00007f6313424a08:   00007f6313424ce8 00007f630000000a
0x00007f6313424a18:   00007f62fb4ce780 00007f62fc9eb9c0
0x00007f6313424a28:   00007f6313424c28 00007f6313424b50 

Instructions: (pc=0x00007f62b25e8279)
0x00007f62b25e8259:   18 48 8b 80 88 1f 00 00 ff e0 66 66 66 66 2e 0f
0x00007f62b25e8269:   1f 84 00 00 00 00 00 48 8b 07 89 d7 48 8b 40 18
0x00007f62b25e8279:   48 8b 80 b0 1e 00 00 ff e0 66 66 66 66 66 2e 0f
0x00007f62b25e8289:   1f 84 00 00 00 00 00 48 8b 07 41 89 d1 89 ce 4c 

Register to memory mapping:

RAX=0x0000000000000000 is an unknown value
RBX={method} {0x00007f62fb64dfa0} 'glMatrixMode' '(I)V' in 'org/lwjgl/opengl/GL11'
RCX=0x0000000000000018 is an unknown value
RDX=0x0000000000001700 is an unknown value
RSP=0x00007f6313424838 is pointing into the stack for thread: 0x00007f630c00f000
RBP=0x00007f6313424890 is pointing into the stack for thread: 0x00007f630c00f000
RSI=0x00007f63134248a0 is pointing into the stack for thread: 0x00007f630c00f000
RDI=0x0000000000001700 is an unknown value
R8 ={method} {0x00007f62fb64dfa0} 'glMatrixMode' '(I)V' in 'org/lwjgl/opengl/GL11'
R9 =0x0000000000000004 is an unknown value
R10=0x00007f62fc9f0748 is at code_begin+808 in an Interpreter codelet
method entry point (kind = native)  [0x00007f62fc9f0420, 0x00007f62fc9f0d20]  2304 bytes
R11=0x00007f631202c1b0: <offset 0x9901b0> in /usr/lib/jvm/java-8-openjdk-amd64/jre/lib/amd64/server/libjvm.so at 0x00007f631169c000
R12=0x0000000000000000 is an unknown value
R13=0x00007f62fb64df98 is pointing into metadata
R14=0x00007f63134248b0 is pointing into the stack for thread: 0x00007f630c00f000
R15=0x00007f630c00f000 is a thread


Stack: [0x00007f6313325000,0x00007f6313426000],  sp=0x00007f6313424838,  free space=1022k
Native frames: (J=compiled Java code, j=interpreted, Vv=VM code, C=native code)
C  [liblwjgl_opengl.so+0x48279]  Java_org_lwjgl_opengl_GL11_glMatrixMode+0x9
j  com.rb2750.lwjgl.Main.loop()V+3
j  com.rb2750.lwjgl.Main.run()V+37
j  com.rb2750.lwjgl.Main.main([Ljava/lang/String;)V+7
v  ~StubRoutines::call_stub
V  [libjvm.so+0x67b47b]
V  [libjvm.so+0x69f5f7]
V  [libjvm.so+0x6a1fb3]
C  [libjli.so+0x36d6]
C  [libjli.so+0x76ed]
C  [libpthread.so.0+0x77fc]  start_thread+0xdc

Java frames: (J=compiled Java code, j=interpreted, Vv=VM code)
j  org.lwjgl.opengl.GL11.glMatrixMode(I)V+0
j  com.rb2750.lwjgl.Main.loop()V+3
j  com.rb2750.lwjgl.Main.run()V+37
j  com.rb2750.lwjgl.Main.main([Ljava/lang/String;)V+7
v  ~StubRoutines::call_stub

---------------  P R O C E S S  ---------------

Java Threads: ( => current thread )
  0x00007f630c5d2000 JavaThread "Service Thread" daemon [_thread_blocked, id=6519, stack(0x00007f62f8b8d000,0x00007f62f8c8e000)]
  0x00007f630c5ad000 JavaThread "C1 CompilerThread2" daemon [_thread_blocked, id=6518, stack(0x00007f62f8c8e000,0x00007f62f8d8f000)]
  0x00007f630c5a8000 JavaThread "C2 CompilerThread1" daemon [_thread_blocked, id=6517, stack(0x00007f62f8d8f000,0x00007f62f8e90000)]
  0x00007f630c5a7000 JavaThread "C2 CompilerThread0" daemon [_thread_blocked, id=6516, stack(0x00007f62f8e90000,0x00007f62f8f91000)]
  0x00007f630c5aa800 JavaThread "Monitor Ctrl-Break" daemon [_thread_in_native, id=6515, stack(0x00007f62f8f91000,0x00007f62f9092000)]
  0x00007f630c178000 JavaThread "Signal Dispatcher" daemon [_thread_blocked, id=6512, stack(0x00007f62f91a9000,0x00007f62f92aa000)]
  0x00007f630c150000 JavaThread "Finalizer" daemon [_thread_blocked, id=6504, stack(0x00007f62f9c74000,0x00007f62f9d75000)]
  0x00007f630c14b800 JavaThread "Reference Handler" daemon [_thread_blocked, id=6503, stack(0x00007f62f9d75000,0x00007f62f9e76000)]
=>0x00007f630c00f000 JavaThread "main" [_thread_in_native, id=6492, stack(0x00007f6313325000,0x00007f6313426000)]

Other Threads:
  0x00007f630c144000 VMThread [stack: 0x00007f62f9e76000,0x00007f62f9f77000] [id=6500]
  0x00007f630c5d5000 WatcherThread [stack: 0x00007f62f8a8c000,0x00007f62f8b8d000] [id=6520]

VM state:not at safepoint (normal execution)

VM Mutex/Monitor currently owned by a thread: None

Heap:
 PSYoungGen      total 36864K, used 12720K [0x00000000d6d80000, 0x00000000d9680000, 0x0000000100000000)
  eden space 31744K, 40% used [0x00000000d6d80000,0x00000000d79ec008,0x00000000d8c80000)
  from space 5120K, 0% used [0x00000000d9180000,0x00000000d9180000,0x00000000d9680000)
  to   space 5120K, 0% used [0x00000000d8c80000,0x00000000d8c80000,0x00000000d9180000)
 ParOldGen       total 84992K, used 0K [0x0000000084800000, 0x0000000089b00000, 0x00000000d6d80000)
  object space 84992K, 0% used [0x0000000084800000,0x0000000084800000,0x0000000089b00000)
 Metaspace       used 6446K, capacity 6680K, committed 7040K, reserved 1056768K
  class space    used 667K, capacity 770K, committed 896K, reserved 1048576K

Card table byte_map: [0x00007f62fc23c000,0x00007f62fc619000] byte_map_base: 0x00007f62fbe18000

Marking Bits: (ParMarkBitMap*) 0x00007f63125f50e0
 Begin Bits: [0x00007f62f0240000, 0x00007f62f2120000)
 End Bits:   [0x00007f62f2120000, 0x00007f62f4000000)

Polling page: 0x00007f6313464000

CodeCache: size=245760Kb used=2313Kb max_used=2321Kb free=243446Kb
 bounds [0x00007f62fc9d9000, 0x00007f62fcc49000, 0x00007f630b9d9000]
 total_blobs=1224 nmethods=492 adapters=647
 compilation: enabled

Compilation events (10 events):
Event: 0.640 Thread 0x00007f630c5ad000 nmethod 485 0x00007f62fcc18550 code [0x00007f62fcc186c0, 0x00007f62fcc18870]
Event: 0.641 Thread 0x00007f630c5ad000  487       3       java.lang.Character::codePointAt (51 bytes)
Event: 0.642 Thread 0x00007f630c5a8000  488       4       java.util.concurrent.ConcurrentHashMap::tabAt (21 bytes)
Event: 0.643 Thread 0x00007f630c5a8000 nmethod 488 0x00007f62fcc1b5d0 code [0x00007f62fcc1b700, 0x00007f62fcc1b758]
Event: 0.643 Thread 0x00007f630c5a8000  489       4       java.lang.String::indexOf (166 bytes)
Event: 0.647 Thread 0x00007f630c5ad000 nmethod 487 0x00007f62fcc1abd0 code [0x00007f62fcc1ad80, 0x00007f62fcc1b428]
Event: 0.653 Thread 0x00007f630c5ad000  490       3       java.io.File::exists (43 bytes)
Event: 0.654 Thread 0x00007f630c5ad000 nmethod 490 0x00007f62fcc18f50 code [0x00007f62fcc19100, 0x00007f62fcc19588]
Event: 0.661 Thread 0x00007f630c5a8000 nmethod 489 0x00007f62fcc1d410 code [0x00007f62fcc1d580, 0x00007f62fcc1dab8]
Event: 0.662 Thread 0x00007f630c5ad000  492   !   3       java.util.WeakHashMap::expungeStaleEntries (139 bytes)

GC Heap History (0 events):
No events

Deoptimization events (2 events):
Event: 0.364 Thread 0x00007f630c00f000 Uncommon trap: reason=unstable_if action=reinterpret pc=0x00007f62fcb52220 method=java.lang.String.indexOf([CII[CIII)I @ 134
Event: 0.460 Thread 0x00007f630c00f000 Uncommon trap: reason=unstable_if action=reinterpret pc=0x00007f62fcb8d3f0 method=java.lang.String.replace(CC)Ljava/lang/String; @ 26

Internal exceptions (10 events):
Event: 0.278 Thread 0x00007f630c00f000 Exception <a 'java/lang/NoSuchMethodError': java.lang.Object.lambda$static$0(Ljava/lang/String;)Ljava/lang/Boolean;> (0x00000000d7389be8) thrown at [/build/openjdk-8-Kjblax/openjdk-8-8u144-b01/src/hotspot/src/share/vm/interpreter/linkResolver.cpp, line 58
Event: 0.312 Thread 0x00007f630c00f000 Exception <a 'java/lang/NoSuchFieldError': method resolution failed> (0x00000000d740c0e8) thrown at [/build/openjdk-8-Kjblax/openjdk-8-8u144-b01/src/hotspot/src/share/vm/prims/methodHandles.cpp, line 1146]
Event: 0.319 Thread 0x00007f630c00f000 Exception <a 'java/lang/NoSuchFieldError': method resolution failed> (0x00000000d7419d08) thrown at [/build/openjdk-8-Kjblax/openjdk-8-8u144-b01/src/hotspot/src/share/vm/prims/methodHandles.cpp, line 1146]
Event: 0.362 Thread 0x00007f630c00f000 Exception <a 'java/security/PrivilegedActionException'> (0x00000000d74d0018) thrown at [/build/openjdk-8-Kjblax/openjdk-8-8u144-b01/src/hotspot/src/share/vm/prims/jvm.cpp, line 1390]
Event: 0.362 Thread 0x00007f630c00f000 Exception <a 'java/security/PrivilegedActionException'> (0x00000000d74d0228) thrown at [/build/openjdk-8-Kjblax/openjdk-8-8u144-b01/src/hotspot/src/share/vm/prims/jvm.cpp, line 1390]
Event: 0.362 Thread 0x00007f630c00f000 Exception <a 'java/security/PrivilegedActionException'> (0x00000000d74d22b0) thrown at [/build/openjdk-8-Kjblax/openjdk-8-8u144-b01/src/hotspot/src/share/vm/prims/jvm.cpp, line 1390]
Event: 0.362 Thread 0x00007f630c00f000 Exception <a 'java/security/PrivilegedActionException'> (0x00000000d74d24c0) thrown at [/build/openjdk-8-Kjblax/openjdk-8-8u144-b01/src/hotspot/src/share/vm/prims/jvm.cpp, line 1390]
Event: 0.362 Thread 0x00007f630c00f000 Exception <a 'java/security/PrivilegedActionException'> (0x00000000d74d2f98) thrown at [/build/openjdk-8-Kjblax/openjdk-8-8u144-b01/src/hotspot/src/share/vm/prims/jvm.cpp, line 1390]
Event: 0.363 Thread 0x00007f630c00f000 Exception <a 'java/security/PrivilegedActionException'> (0x00000000d74d31a8) thrown at [/build/openjdk-8-Kjblax/openjdk-8-8u144-b01/src/hotspot/src/share/vm/prims/jvm.cpp, line 1390]
Event: 0.640 Thread 0x00007f630c00f000 Exception <a 'sun/nio/fs/UnixException'> (0x00000000d7998428) thrown at [/build/openjdk-8-Kjblax/openjdk-8-8u144-b01/src/hotspot/src/share/vm/prims/jni.cpp, line 709]

Events (10 events):
Event: 0.641 loading class java/nio/file/NoSuchFileException
Event: 0.641 loading class java/nio/file/FileSystemException
Event: 0.641 loading class java/nio/file/FileSystemException done
Event: 0.641 loading class java/nio/file/NoSuchFileException done
Event: 0.643 loading class org/lwjgl/opengl/GL$2
Event: 0.643 loading class org/lwjgl/opengl/GL$2 done
Event: 0.655 loading class org/lwjgl/opengl/GL$SharedLibraryGL
Event: 0.655 loading class org/lwjgl/opengl/GL$SharedLibraryGL done
Event: 0.661 loading class org/lwjgl/system/SharedLibrary$Delegate
Event: 0.661 loading class org/lwjgl/system/SharedLibrary$Delegate done


Dynamic libraries:
84800000-89b00000 rw-p 00000000 00:00 0 
89b00000-d6d80000 ---p 00000000 00:00 0 
d6d80000-d9680000 rw-p 00000000 00:00 0 
d9680000-100000000 ---p 00000000 00:00 0 
100000000-1000e0000 rw-p 00000000 00:00 0 
1000e0000-140000000 ---p 00000000 00:00 0 
557d2d00d000-557d2d00e000 r-xp 00000000 08:07 8921720                    /usr/lib/jvm/java-8-openjdk-amd64/jre/bin/java
557d2d20d000-557d2d20e000 r--p 00000000 08:07 8921720                    /usr/lib/jvm/java-8-openjdk-amd64/jre/bin/java
557d2d20e000-557d2d20f000 rw-p 00001000 08:07 8921720                    /usr/lib/jvm/java-8-openjdk-amd64/jre/bin/java
557d2d6a8000-557d2d6c9000 rw-p 00000000 00:00 0                          [heap]
7f62b25a0000-7f62b260b000 r-xp 00000000 08:07 12198845                   /tmp/lwjglrb2750/3.1.6-build-14/liblwjgl_opengl.so
7f62b260b000-7f62b280a000 ---p 0006b000 08:07 12198845                   /tmp/lwjglrb2750/3.1.6-build-14/liblwjgl_opengl.so
7f62b280a000-7f62b280b000 r--p 0006a000 08:07 12198845                   /tmp/lwjglrb2750/3.1.6-build-14/liblwjgl_opengl.so
7f62b280b000-7f62b280c000 rw-p 0006b000 08:07 12198845                   /tmp/lwjglrb2750/3.1.6-build-14/liblwjgl_opengl.so
7f62b280c000-7f62b3bbd000 rw-p 00000000 00:00 0 
7f62b3bbd000-7f62b3bf5000 r-xp 00000000 08:07 2755556                    /usr/lib/x86_64-linux-gnu/s2tc/libtxc_dxtn.so
7f62b3bf5000-7f62b3df5000 ---p 00038000 08:07 2755556                    /usr/lib/x86_64-linux-gnu/s2tc/libtxc_dxtn.so
7f62b3df5000-7f62b3df6000 r--p 00038000 08:07 2755556                    /usr/lib/x86_64-linux-gnu/s2tc/libtxc_dxtn.so
7f62b3df6000-7f62b3df7000 rw-p 00039000 08:07 2755556                    /usr/lib/x86_64-linux-gnu/s2tc/libtxc_dxtn.so
7f62b3df7000-7f62b3dff000 r-xp 00000000 08:07 2500823                    /usr/lib/x86_64-linux-gnu/libpciaccess.so.0.11.1
7f62b3dff000-7f62b3ffe000 ---p 00008000 08:07 2500823                    /usr/lib/x86_64-linux-gnu/libpciaccess.so.0.11.1
7f62b3ffe000-7f62b3fff000 r--p 00007000 08:07 2500823                    /usr/lib/x86_64-linux-gnu/libpciaccess.so.0.11.1
7f62b3fff000-7f62b4000000 rw-p 00008000 08:07 2500823                    /usr/lib/x86_64-linux-gnu/libpciaccess.so.0.11.1
7f62b4000000-7f62b4021000 rw-p 00000000 00:00 0 
7f62b4021000-7f62b8000000 ---p 00000000 00:00 0 
7f62b8039000-7f62b8044000 r-xp 00000000 08:07 2500230                    /usr/lib/x86_64-linux-gnu/libdrm_radeon.so.1.0.1
7f62b8044000-7f62b8243000 ---p 0000b000 08:07 2500230                    /usr/lib/x86_64-linux-gnu/libdrm_radeon.so.1.0.1
7f62b8243000-7f62b8244000 r--p 0000a000 08:07 2500230                    /usr/lib/x86_64-linux-gnu/libdrm_radeon.so.1.0.1
7f62b8244000-7f62b8245000 rw-p 0000b000 08:07 2500230                    /usr/lib/x86_64-linux-gnu/libdrm_radeon.so.1.0.1
7f62b8245000-7f62b824c000 r-xp 00000000 08:07 2500228                    /usr/lib/x86_64-linux-gnu/libdrm_nouveau.so.2.0.0
7f62b824c000-7f62b844b000 ---p 00007000 08:07 2500228                    /usr/lib/x86_64-linux-gnu/libdrm_nouveau.so.2.0.0
7f62b844b000-7f62b844c000 r--p 00006000 08:07 2500228                    /usr/lib/x86_64-linux-gnu/libdrm_nouveau.so.2.0.0
7f62b844c000-7f62b844d000 rw-p 00007000 08:07 2500228                    /usr/lib/x86_64-linux-gnu/libdrm_nouveau.so.2.0.0
7f62b844d000-7f62b846f000 r-xp 00000000 08:07 2500226                    /usr/lib/x86_64-linux-gnu/libdrm_intel.so.1.0.0
7f62b846f000-7f62b866e000 ---p 00022000 08:07 2500226                    /usr/lib/x86_64-linux-gnu/libdrm_intel.so.1.0.0
7f62b866e000-7f62b866f000 r--p 00021000 08:07 2500226                    /usr/lib/x86_64-linux-gnu/libdrm_intel.so.1.0.0
7f62b866f000-7f62b8670000 rw-p 00022000 08:07 2500226                    /usr/lib/x86_64-linux-gnu/libdrm_intel.so.1.0.0
7f62b8670000-7f62b8e53000 r-xp 00000000 08:07 2626942                    /usr/lib/x86_64-linux-gnu/dri/i965_dri.so
7f62b8e53000-7f62b9053000 ---p 007e3000 08:07 2626942                    /usr/lib/x86_64-linux-gnu/dri/i965_dri.so
7f62b9053000-7f62b90a3000 r--p 007e3000 08:07 2626942                    /usr/lib/x86_64-linux-gnu/dri/i965_dri.so
7f62b90a3000-7f62b90ac000 rw-p 00833000 08:07 2626942                    /usr/lib/x86_64-linux-gnu/dri/i965_dri.so
7f62b90ac000-7f62b9113000 rw-p 00000000 00:00 0 
7f62b9113000-7f62b9123000 r-xp 00000000 08:07 2500222                    /usr/lib/x86_64-linux-gnu/libdrm.so.2.4.0
7f62b9123000-7f62b9322000 ---p 00010000 08:07 2500222                    /usr/lib/x86_64-linux-gnu/libdrm.so.2.4.0
7f62b9322000-7f62b9323000 r--p 0000f000 08:07 2500222                    /usr/lib/x86_64-linux-gnu/libdrm.so.2.4.0
7f62b9323000-7f62b9324000 rw-p 00010000 08:07 2500222                    /usr/lib/x86_64-linux-gnu/libdrm.so.2.4.0
7f62b9324000-7f62b9328000 r-xp 00000000 08:07 2501168                    /usr/lib/x86_64-linux-gnu/libxcb-dri2.so.0.0.0
7f62b9328000-7f62b9527000 ---p 00004000 08:07 2501168                    /usr/lib/x86_64-linux-gnu/libxcb-dri2.so.0.0.0
7f62b9527000-7f62b9528000 r--p 00003000 08:07 2501168                    /usr/lib/x86_64-linux-gnu/libxcb-dri2.so.0.0.0
7f62b9528000-7f62b9529000 rw-p 00004000 08:07 2501168                    /usr/lib/x86_64-linux-gnu/libxcb-dri2.so.0.0.0
7f62b9529000-7f62b9541000 r-xp 00000000 08:07 2501172                    /usr/lib/x86_64-linux-gnu/libxcb-glx.so.0.0.0
7f62b9541000-7f62b9741000 ---p 00018000 08:07 2501172                    /usr/lib/x86_64-linux-gnu/libxcb-glx.so.0.0.0
7f62b9741000-7f62b9743000 r--p 00018000 08:07 2501172                    /usr/lib/x86_64-linux-gnu/libxcb-glx.so.0.0.0
7f62b9743000-7f62b9744000 rw-p 0001a000 08:07 2501172                    /usr/lib/x86_64-linux-gnu/libxcb-glx.so.0.0.0
7f62b9744000-7f62b9746000 r-xp 00000000 08:07 2499968                    /usr/lib/x86_64-linux-gnu/libXdamage.so.1.1.0
7f62b9746000-7f62b9945000 ---p 00002000 08:07 2499968                    /usr/lib/x86_64-linux-gnu/libXdamage.so.1.1.0
7f62b9945000-7f62b9946000 r--p 00001000 08:07 2499968                    /usr/lib/x86_64-linux-gnu/libXdamage.so.1.1.0
7f62b9946000-7f62b9947000 rw-p 00002000 08:07 2499968                    /usr/lib/x86_64-linux-gnu/libXdamage.so.1.1.0
7f62b9947000-7f62b9972000 r-xp 00000000 08:07 2500406                    /usr/lib/x86_64-linux-gnu/libglapi.so.0.0.0
7f62b9972000-7f62b9b71000 ---p 0002b000 08:07 2500406                    /usr/lib/x86_64-linux-gnu/libglapi.so.0.0.0
7f62b9b71000-7f62b9b75000 r--p 0002a000 08:07 2500406                    /usr/lib/x86_64-linux-gnu/libglapi.so.0.0.0
7f62b9b75000-7f62b9b76000 rw-p 0002e000 08:07 2500406                    /usr/lib/x86_64-linux-gnu/libglapi.so.0.0.0
7f62b9b76000-7f62b9b77000 rw-p 00000000 00:00 0 
7f62b9b77000-7f62b9b78000 r-xp 00000000 08:07 2501220                    /usr/lib/x86_64-linux-gnu/libxshmfence.so.1.0.0
7f62b9b78000-7f62b9d78000 ---p 00001000 08:07 2501220                    /usr/lib/x86_64-linux-gnu/libxshmfence.so.1.0.0
7f62b9d78000-7f62b9d79000 r--p 00001000 08:07 2501220                    /usr/lib/x86_64-linux-gnu/libxshmfence.so.1.0.0
7f62b9d79000-7f62b9d7a000 rw-p 00002000 08:07 2501220                    /usr/lib/x86_64-linux-gnu/libxshmfence.so.1.0.0
7f62b9d7a000-7f62b9d7f000 r-xp 00000000 08:07 2501194                    /usr/lib/x86_64-linux-gnu/libxcb-sync.so.1.0.0
7f62b9d7f000-7f62b9f7f000 ---p 00005000 08:07 2501194                    /usr/lib/x86_64-linux-gnu/libxcb-sync.so.1.0.0
7f62b9f7f000-7f62b9f80000 r--p 00005000 08:07 2501194                    /usr/lib/x86_64-linux-gnu/libxcb-sync.so.1.0.0
7f62b9f80000-7f62b9f81000 rw-p 00006000 08:07 2501194                    /usr/lib/x86_64-linux-gnu/libxcb-sync.so.1.0.0
7f62b9f81000-7f62b9f83000 r-xp 00000000 08:07 2501180                    /usr/lib/x86_64-linux-gnu/libxcb-present.so.0.0.0
7f62b9f83000-7f62ba182000 ---p 00002000 08:07 2501180                    /usr/lib/x86_64-linux-gnu/libxcb-present.so.0.0.0
7f62ba182000-7f62ba183000 r--p 00001000 08:07 2501180                    /usr/lib/x86_64-linux-gnu/libxcb-present.so.0.0.0
7f62ba183000-7f62ba184000 rw-p 00002000 08:07 2501180                    /usr/lib/x86_64-linux-gnu/libxcb-present.so.0.0.0
7f62ba184000-7f62ba186000 r-xp 00000000 08:07 2501170                    /usr/lib/x86_64-linux-gnu/libxcb-dri3.so.0.0.0
7f62ba186000-7f62ba385000 ---p 00002000 08:07 2501170                    /usr/lib/x86_64-linux-gnu/libxcb-dri3.so.0.0.0
7f62ba385000-7f62ba386000 r--p 00001000 08:07 2501170                    /usr/lib/x86_64-linux-gnu/libxcb-dri3.so.0.0.0
7f62ba386000-7f62ba387000 rw-p 00002000 08:07 2501170                    /usr/lib/x86_64-linux-gnu/libxcb-dri3.so.0.0.0
7f62ba387000-7f62ba3af000 r-xp 00000000 08:07 398679                     /lib/x86_64-linux-gnu/libexpat.so.1.6.5
7f62ba3af000-7f62ba5af000 ---p 00028000 08:07 398679                     /lib/x86_64-linux-gnu/libexpat.so.1.6.5
7f62ba5af000-7f62ba5b1000 r--p 00028000 08:07 398679                     /lib/x86_64-linux-gnu/libexpat.so.1.6.5
7f62ba5b1000-7f62ba5b2000 rw-p 0002a000 08:07 398679                     /lib/x86_64-linux-gnu/libexpat.so.1.6.5
7f62ba5b2000-7f62ba61f000 r-xp 00000000 08:07 2753703                    /usr/lib/x86_64-linux-gnu/mesa/libGL.so.1.2.0
7f62ba61f000-7f62ba81f000 ---p 0006d000 08:07 2753703                    /usr/lib/x86_64-linux-gnu/mesa/libGL.so.1.2.0
7f62ba81f000-7f62ba822000 r--p 0006d000 08:07 2753703                    /usr/lib/x86_64-linux-gnu/mesa/libGL.so.1.2.0
7f62ba822000-7f62ba823000 rw-p 00070000 08:07 2753703                    /usr/lib/x86_64-linux-gnu/mesa/libGL.so.1.2.0
7f62ba823000-7f62ba824000 rw-p 00000000 00:00 0 
7f62ba824000-7f62ba898000 rw-p 00000000 00:00 0 
7f62ba972000-7f62ba973000 r-xp 00000000 08:07 2499953                    /usr/lib/x86_64-linux-gnu/libX11-xcb.so.1.0.0
7f62ba973000-7f62bab72000 ---p 00001000 08:07 2499953                    /usr/lib/x86_64-linux-gnu/libX11-xcb.so.1.0.0
7f62bab72000-7f62bab73000 r--p 00000000 08:07 2499953                    /usr/lib/x86_64-linux-gnu/libX11-xcb.so.1.0.0
7f62bab73000-7f62bab74000 rw-p 00001000 08:07 2499953                    /usr/lib/x86_64-linux-gnu/libX11-xcb.so.1.0.0
7f62bab74000-7f62bab76000 r-xp 00000000 08:07 2499984                    /usr/lib/x86_64-linux-gnu/libXinerama.so.1.0.0
7f62bab76000-7f62bad75000 ---p 00002000 08:07 2499984                    /usr/lib/x86_64-linux-gnu/libXinerama.so.1.0.0
7f62bad75000-7f62bad76000 r--p 00001000 08:07 2499984                    /usr/lib/x86_64-linux-gnu/libXinerama.so.1.0.0
7f62bad76000-7f62bad77000 rw-p 00002000 08:07 2499984                    /usr/lib/x86_64-linux-gnu/libXinerama.so.1.0.0
7f62bad77000-7f62bad7c000 r-xp 00000000 08:07 2499974                    /usr/lib/x86_64-linux-gnu/libXfixes.so.3.1.0
7f62bad7c000-7f62baf7b000 ---p 00005000 08:07 2499974                    /usr/lib/x86_64-linux-gnu/libXfixes.so.3.1.0
7f62baf7b000-7f62baf7c000 r--p 00004000 08:07 2499974                    /usr/lib/x86_64-linux-gnu/libXfixes.so.3.1.0
7f62baf7c000-7f62baf7d000 rw-p 00005000 08:07 2499974                    /usr/lib/x86_64-linux-gnu/libXfixes.so.3.1.0
7f62baf7d000-7f62baf86000 r-xp 00000000 08:07 2520701                    /usr/lib/x86_64-linux-gnu/libXcursor.so.1.0.2
7f62baf86000-7f62bb185000 ---p 00009000 08:07 2520701                    /usr/lib/x86_64-linux-gnu/libXcursor.so.1.0.2
7f62bb185000-7f62bb186000 r--p 00008000 08:07 2520701                    /usr/lib/x86_64-linux-gnu/libXcursor.so.1.0.2
7f62bb186000-7f62bb187000 rw-p 00009000 08:07 2520701                    /usr/lib/x86_64-linux-gnu/libXcursor.so.1.0.2
7f62bb187000-7f62bb190000 r-xp 00000000 08:07 2499994                    /usr/lib/x86_64-linux-gnu/libXrender.so.1.3.0
7f62bb190000-7f62bb38f000 ---p 00009000 08:07 2499994                    /usr/lib/x86_64-linux-gnu/libXrender.so.1.3.0
7f62bb38f000-7f62bb390000 r--p 00008000 08:07 2499994                    /usr/lib/x86_64-linux-gnu/libXrender.so.1.3.0
7f62bb390000-7f62bb391000 rw-p 00009000 08:07 2499994                    /usr/lib/x86_64-linux-gnu/libXrender.so.1.3.0
7f62bb391000-7f62bb39b000 r-xp 00000000 08:07 2499992                    /usr/lib/x86_64-linux-gnu/libXrandr.so.2.2.0
7f62bb39b000-7f62bb59a000 ---p 0000a000 08:07 2499992                    /usr/lib/x86_64-linux-gnu/libXrandr.so.2.2.0
7f62bb59a000-7f62bb59b000 r--p 00009000 08:07 2499992                    /usr/lib/x86_64-linux-gnu/libXrandr.so.2.2.0
7f62bb59b000-7f62bb59c000 rw-p 0000a000 08:07 2499992                    /usr/lib/x86_64-linux-gnu/libXrandr.so.2.2.0
7f62bb59c000-7f62bb5ab000 r-xp 00000000 08:07 2499982                    /usr/lib/x86_64-linux-gnu/libXi.so.6.1.0
7f62bb5ab000-7f62bb7aa000 ---p 0000f000 08:07 2499982                    /usr/lib/x86_64-linux-gnu/libXi.so.6.1.0
7f62bb7aa000-7f62bb7ab000 r--p 0000e000 08:07 2499982                    /usr/lib/x86_64-linux-gnu/libXi.so.6.1.0
7f62bb7ab000-7f62bb7ac000 rw-p 0000f000 08:07 2499982                    /usr/lib/x86_64-linux-gnu/libXi.so.6.1.0
7f62bb7ac000-7f62bb7bd000 r-xp 00000000 08:07 2499972                    /usr/lib/x86_64-linux-gnu/libXext.so.6.4.0
7f62bb7bd000-7f62bb9bc000 ---p 00011000 08:07 2499972                    /usr/lib/x86_64-linux-gnu/libXext.so.6.4.0
7f62bb9bc000-7f62bb9bd000 r--p 00010000 08:07 2499972                    /usr/lib/x86_64-linux-gnu/libXext.so.6.4.0
7f62bb9bd000-7f62bb9be000 rw-p 00011000 08:07 2499972                    /usr/lib/x86_64-linux-gnu/libXext.so.6.4.0
7f62bb9be000-7f62bb9c3000 r-xp 00000000 08:07 2500010                    /usr/lib/x86_64-linux-gnu/libXxf86vm.so.1.0.0
7f62bb9c3000-7f62bbbc2000 ---p 00005000 08:07 2500010                    /usr/lib/x86_64-linux-gnu/libXxf86vm.so.1.0.0
7f62bbbc2000-7f62bbbc3000 r--p 00004000 08:07 2500010                    /usr/lib/x86_64-linux-gnu/libXxf86vm.so.1.0.0
7f62bbbc3000-7f62bbbc4000 rw-p 00005000 08:07 2500010                    /usr/lib/x86_64-linux-gnu/libXxf86vm.so.1.0.0
7f62bbbc4000-7f62bbbd7000 r-xp 00000000 08:07 398644                     /lib/x86_64-linux-gnu/libbsd.so.0.8.6
7f62bbbd7000-7f62bbdd6000 ---p 00013000 08:07 398644                     /lib/x86_64-linux-gnu/libbsd.so.0.8.6
7f62bbdd6000-7f62bbdd7000 r--p 00012000 08:07 398644                     /lib/x86_64-linux-gnu/libbsd.so.0.8.6
7f62bbdd7000-7f62bbdd8000 rw-p 00013000 08:07 398644                     /lib/x86_64-linux-gnu/libbsd.so.0.8.6
7f62bbdd8000-7f62bbdd9000 rw-p 00000000 00:00 0 
7f62bbdd9000-7f62bbdff000 r-xp 00000000 08:07 2501204                    /usr/lib/x86_64-linux-gnu/libxcb.so.1.1.0
7f62bbdff000-7f62bbffe000 ---p 00026000 08:07 2501204                    /usr/lib/x86_64-linux-gnu/libxcb.so.1.1.0
7f62bbffe000-7f62bbfff000 r--p 00025000 08:07 2501204                    /usr/lib/x86_64-linux-gnu/libxcb.so.1.1.0
7f62bbfff000-7f62bc000000 rw-p 00026000 08:07 2501204                    /usr/lib/x86_64-linux-gnu/libxcb.so.1.1.0
7f62bc000000-7f62bc186000 rw-p 00000000 00:00 0 
7f62bc186000-7f62c0000000 ---p 00000000 00:00 0 
7f62c0000000-7f62c0021000 rw-p 00000000 00:00 0 
7f62c0021000-7f62c4000000 ---p 00000000 00:00 0 
7f62c4000000-7f62c40b2000 rw-p 00000000 00:00 0 
7f62c40b2000-7f62c8000000 ---p 00000000 00:00 0 
7f62c8000000-7f62c806e000 rw-p 00000000 00:00 0 
7f62c806e000-7f62cc000000 ---p 00000000 00:00 0 
7f62cc000000-7f62cc021000 rw-p 00000000 00:00 0 
7f62cc021000-7f62d0000000 ---p 00000000 00:00 0 
7f62d0000000-7f62d0021000 rw-p 00000000 00:00 0 
7f62d0021000-7f62d4000000 ---p 00000000 00:00 0 
7f62d4000000-7f62d4021000 rw-p 00000000 00:00 0 
7f62d4021000-7f62d8000000 ---p 00000000 00:00 0 
7f62d8000000-7f62d8021000 rw-p 00000000 00:00 0 
7f62d8021000-7f62dc000000 ---p 00000000 00:00 0 
7f62dc000000-7f62dc021000 rw-p 00000000 00:00 0 
7f62dc021000-7f62e0000000 ---p 00000000 00:00 0 
7f62e0000000-7f62e0021000 rw-p 00000000 00:00 0 
7f62e0021000-7f62e4000000 ---p 00000000 00:00 0 
7f62e4000000-7f62e4021000 rw-p 00000000 00:00 0 
7f62e4021000-7f62e8000000 ---p 00000000 00:00 0 
7f62e800f000-7f62e8014000 r-xp 00000000 08:07 2499970                    /usr/lib/x86_64-linux-gnu/libXdmcp.so.6.0.0
7f62e8014000-7f62e8213000 ---p 00005000 08:07 2499970                    /usr/lib/x86_64-linux-gnu/libXdmcp.so.6.0.0
7f62e8213000-7f62e8214000 r--p 00004000 08:07 2499970                    /usr/lib/x86_64-linux-gnu/libXdmcp.so.6.0.0
7f62e8214000-7f62e8215000 rw-p 00005000 08:07 2499970                    /usr/lib/x86_64-linux-gnu/libXdmcp.so.6.0.0
7f62e8215000-7f62e8349000 r-xp 00000000 08:07 2499955                    /usr/lib/x86_64-linux-gnu/libX11.so.6.3.0
7f62e8349000-7f62e8549000 ---p 00134000 08:07 2499955                    /usr/lib/x86_64-linux-gnu/libX11.so.6.3.0
7f62e8549000-7f62e854a000 r--p 00134000 08:07 2499955                    /usr/lib/x86_64-linux-gnu/libX11.so.6.3.0
7f62e854a000-7f62e854e000 rw-p 00135000 08:07 2499955                    /usr/lib/x86_64-linux-gnu/libX11.so.6.3.0
7f62e854e000-7f62e8584000 r-xp 00000000 08:07 12198844                   /tmp/lwjglrb2750/3.1.6-build-14/libglfw.so
7f62e8584000-7f62e8783000 ---p 00036000 08:07 12198844                   /tmp/lwjglrb2750/3.1.6-build-14/libglfw.so
7f62e8783000-7f62e8784000 r--p 00035000 08:07 12198844                   /tmp/lwjglrb2750/3.1.6-build-14/libglfw.so
7f62e8784000-7f62e8785000 rw-p 00036000 08:07 12198844                   /tmp/lwjglrb2750/3.1.6-build-14/libglfw.so
7f62e8785000-7f62e87a6000 rw-p 00000000 00:00 0 
7f62e87a6000-7f62e8ba6000 rw-p 00000000 00:00 0 
7f62e8ba6000-7f62e8bea000 r-xp 00000000 08:07 12198843                   /tmp/lwjglrb2750/3.1.6-build-14/libjemalloc.so
7f62e8bea000-7f62e8dea000 ---p 00044000 08:07 12198843                   /tmp/lwjglrb2750/3.1.6-build-14/libjemalloc.so
7f62e8dea000-7f62e8def000 r--p 00044000 08:07 12198843                   /tmp/lwjglrb2750/3.1.6-build-14/libjemalloc.so
7f62e8def000-7f62e8df0000 rw-p 00049000 08:07 12198843                   /tmp/lwjglrb2750/3.1.6-build-14/libjemalloc.so
7f62e8df0000-7f62ec000000 rw-p 00000000 00:00 0 
7f62ec000000-7f62ec021000 rw-p 00000000 00:00 0 
7f62ec021000-7f62f0000000 ---p 00000000 00:00 0 
7f62f0002000-7f62f0004000 r-xp 00000000 08:07 2499959                    /usr/lib/x86_64-linux-gnu/libXau.so.6.0.0
7f62f0004000-7f62f0204000 ---p 00002000 08:07 2499959                    /usr/lib/x86_64-linux-gnu/libXau.so.6.0.0
7f62f0204000-7f62f0205000 r--p 00002000 08:07 2499959                    /usr/lib/x86_64-linux-gnu/libXau.so.6.0.0
7f62f0205000-7f62f0206000 rw-p 00003000 08:07 2499959                    /usr/lib/x86_64-linux-gnu/libXau.so.6.0.0
7f62f0230000-7f62f0238000 rw-s 00000000 00:05 27849985                   /drm mm object (deleted)
7f62f0238000-7f62f0240000 rw-s 00000000 00:05 27849976                   /drm mm object (deleted)
7f62f0240000-7f62f4000000 rw-p 00000000 00:00 0 
7f62f4000000-7f62f4021000 rw-p 00000000 00:00 0 
7f62f4021000-7f62f8000000 ---p 00000000 00:00 0 
7f62f8000000-7f62f8001000 r-xp 00000000 00:00 0 
7f62f8001000-7f62f8002000 rw-s 00000000 00:05 27849978                   /drm mm object (deleted)
7f62f8002000-7f62f8003000 r--p 00000000 08:07 401042                     /usr/share/locale-langpack/en_GB/LC_MESSAGES/libc.mo
7f62f8003000-7f62f800a000 r--s 00000000 08:07 2627357                    /usr/lib/x86_64-linux-gnu/gconv/gconv-modules.cache
7f62f800a000-7f62f800b000 r-xp 00000000 00:00 0 
7f62f800b000-7f62f840b000 rw-p 00000000 00:00 0 
7f62f840b000-7f62f845f000 r-xp 00000000 08:07 12198842                   /tmp/lwjglrb2750/3.1.6-build-14/liblwjgl.so
7f62f845f000-7f62f865f000 ---p 00054000 08:07 12198842                   /tmp/lwjglrb2750/3.1.6-build-14/liblwjgl.so
7f62f865f000-7f62f8660000 r--p 00054000 08:07 12198842                   /tmp/lwjglrb2750/3.1.6-build-14/liblwjgl.so
7f62f8660000-7f62f8661000 rw-p 00055000 08:07 12198842                   /tmp/lwjglrb2750/3.1.6-build-14/liblwjgl.so
7f62f8661000-7f62f8672000 r-xp 00000000 08:07 8921759                    /usr/lib/jvm/java-8-openjdk-amd64/jre/lib/amd64/libnio.so
7f62f8672000-7f62f8872000 ---p 00011000 08:07 8921759                    /usr/lib/jvm/java-8-openjdk-amd64/jre/lib/amd64/libnio.so
7f62f8872000-7f62f8873000 r--p 00011000 08:07 8921759                    /usr/lib/jvm/java-8-openjdk-amd64/jre/lib/amd64/libnio.so
7f62f8873000-7f62f8874000 rw-p 00012000 08:07 8921759                    /usr/lib/jvm/java-8-openjdk-amd64/jre/lib/amd64/libnio.so
7f62f8874000-7f62f888a000 r-xp 00000000 08:07 8921758                    /usr/lib/jvm/java-8-openjdk-amd64/jre/lib/amd64/libnet.so
7f62f888a000-7f62f8a8a000 ---p 00016000 08:07 8921758                    /usr/lib/jvm/java-8-openjdk-amd64/jre/lib/amd64/libnet.so
7f62f8a8a000-7f62f8a8b000 r--p 00016000 08:07 8921758                    /usr/lib/jvm/java-8-openjdk-amd64/jre/lib/amd64/libnet.so
7f62f8a8b000-7f62f8a8c000 rw-p 00017000 08:07 8921758                    /usr/lib/jvm/java-8-openjdk-amd64/jre/lib/amd64/libnet.so
7f62f8a8c000-7f62f8a8d000 ---p 00000000 00:00 0 
7f62f8a8d000-7f62f8b8d000 rw-p 00000000 00:00 0 
7f62f8b8d000-7f62f8b90000 ---p 00000000 00:00 0 
7f62f8b90000-7f62f8c8e000 rw-p 00000000 00:00 0 
7f62f8c8e000-7f62f8c91000 ---p 00000000 00:00 0 
7f62f8c91000-7f62f8d8f000 rw-p 00000000 00:00 0 
7f62f8d8f000-7f62f8d92000 ---p 00000000 00:00 0 
7f62f8d92000-7f62f8e90000 rw-p 00000000 00:00 0 
7f62f8e90000-7f62f8e93000 ---p 00000000 00:00 0 
7f62f8e93000-7f62f8f91000 rw-p 00000000 00:00 0 
7f62f8f91000-7f62f8f94000 ---p 00000000 00:00 0 
7f62f8f94000-7f62f9092000 rw-p 00000000 00:00 0 
7f62f9092000-7f62f9094000 r--s 0001a000 07:01 290                        /snap/intellij-idea-ultimate/54/lib/idea_rt.jar
7f62f9094000-7f62f9096000 r--s 00003000 08:07 12199262                   /home/rb2750/.m2/repository/com/github/AlbinEriksson/JBinary/2.0.0/JBinary-2.0.0.jar
7f62f9096000-7f62f9097000 r--s 0000c000 08:07 12199282                   /home/rb2750/.m2/repository/org/usb4java/libusb4java/1.2.0/libusb4java-1.2.0-osx-x86_64.jar
7f62f9097000-7f62f9098000 r--s 0000c000 08:07 12199301                   /home/rb2750/.m2/repository/org/usb4java/libusb4java/1.2.0/libusb4java-1.2.0-osx-x86.jar
7f62f9098000-7f62f9099000 r--s 00013000 08:07 12199297                   /home/rb2750/.m2/repository/org/usb4java/libusb4java/1.2.0/libusb4java-1.2.0-windows-x86_64.jar
7f62f9099000-7f62f909b000 r--s 00019000 08:07 12199293                   /home/rb2750/.m2/repository/org/usb4java/libusb4java/1.2.0/libusb4java-1.2.0-windows-x86.jar
7f62f909b000-7f62f909c000 r--s 00015000 08:07 12199290                   /home/rb2750/.m2/repository/org/usb4java/libusb4java/1.2.0/libusb4java-1.2.0-linux-arm.jar
7f62f909c000-7f62f909d000 r--s 0001a000 08:07 12199287                   /home/rb2750/.m2/repository/org/usb4java/libusb4java/1.2.0/libusb4java-1.2.0-linux-x86_64.jar
7f62f909d000-7f62f909f000 r--s 0001b000 08:07 12199281                   /home/rb2750/.m2/repository/org/usb4java/libusb4java/1.2.0/libusb4java-1.2.0-linux-x86.jar
7f62f909f000-7f62f90a1000 r--s 0000a000 08:07 12199283                   /home/rb2750/.m2/repository/org/usb4java/usb4java/1.2.0/usb4java-1.2.0.jar
7f62f90a1000-7f62f90a8000 r--s 00058000 08:07 12199280                   /home/rb2750/.m2/repository/org/apache/commons/commons-lang3/3.2.1/commons-lang3-3.2.1.jar
7f62f90a8000-7f62f90aa000 r--s 00005000 08:07 12199275                   /home/rb2750/.m2/repository/javax/usb/usb-api/1.0.2/usb-api-1.0.2.jar
7f62f90aa000-7f62f90ac000 r--s 0000d000 08:07 12199273                   /home/rb2750/.m2/repository/org/usb4java/usb4java-javax/1.2.0/usb4java-javax-1.2.0.jar
7f62f90ac000-7f62f90ad000 r--s 00002000 08:07 12199169                   /home/rb2750/.m2/repository/com/github/AlbinEriksson/Java-Steam-Controller/1.0.0/Java-Steam-Controller-1.0.0.jar
7f62f90ad000-7f62f90c3000 r--s 0014a000 08:07 1186250                    /home/rb2750/Documents/Coding Stuff/Bukkit Libs/lombok.jar
7f62f90c3000-7f62f90cc000 r--s 000fb000 08:07 12198498                   /home/rb2750/Documents/lwjgl/lwjgl-opengl/lwjgl-opengl-sources.jar
7f62f90cc000-7f62f90d7000 r--s 002c6000 08:07 12198494                   /home/rb2750/Documents/lwjgl/lwjgl-opengl/lwjgl-opengl-javadoc.jar
7f62f90d7000-7f62f90da000 r--s 00035000 08:07 12198490                   /home/rb2750/Documents/lwjgl/lwjgl-opencl/lwjgl-opencl-sources.jar
7f62f90da000-7f62f90de000 r--s 000d5000 08:07 12198489                   /home/rb2750/Documents/lwjgl/lwjgl-opencl/lwjgl-opencl-javadoc.jar
7f62f90de000-7f62f90e1000 r--s 00027000 08:07 12198491                   /home/rb2750/Documents/lwjgl/lwjgl-opencl/lwjgl-opencl.jar
7f62f90e1000-7f62f90e2000 r--s 00105000 08:07 12198483                   /home/rb2750/Documents/lwjgl/lwjgl-openal/lwjgl-openal-natives-windows.jar
7f62f90e2000-7f62f90e3000 r--s 00064000 08:07 12198482                   /home/rb2750/Documents/lwjgl/lwjgl-openal/lwjgl-openal-natives-macos.jar
7f62f90e3000-7f62f90e4000 r--s 00077000 08:07 12198481                   /home/rb2750/Documents/lwjgl/lwjgl-openal/lwjgl-openal-natives-linux.jar
7f62f90e4000-7f62f90e6000 r--s 00011000 08:07 12198484                   /home/rb2750/Documents/lwjgl/lwjgl-openal/lwjgl-openal-sources.jar
7f62f90e6000-7f62f90e9000 r--s 0008e000 08:07 12198480                   /home/rb2750/Documents/lwjgl/lwjgl-openal/lwjgl-openal-javadoc.jar
7f62f90e9000-7f62f90ec000 r--s 00011000 08:07 12198485                   /home/rb2750/Documents/lwjgl/lwjgl-openal/lwjgl-openal.jar
7f62f90ec000-7f62f90ed000 r--s 00013000 08:07 12198477                   /home/rb2750/Documents/lwjgl/lwjgl-odbc/lwjgl-odbc-sources.jar
7f62f90ed000-7f62f90f0000 r--s 0009e000 08:07 12198476                   /home/rb2750/Documents/lwjgl/lwjgl-odbc/lwjgl-odbc-javadoc.jar
7f62f90f0000-7f62f90f2000 r--s 00015000 08:07 12198478                   /home/rb2750/Documents/lwjgl/lwjgl-odbc/lwjgl-odbc.jar
7f62f90f2000-7f62f90f3000 r--s 00041000 08:07 12198472                   /home/rb2750/Documents/lwjgl/lwjgl-nuklear/lwjgl-nuklear-natives-windows.jar
7f62f90f3000-7f62f90f4000 r--s 0002e000 08:07 12198471                   /home/rb2750/Documents/lwjgl/lwjgl-nuklear/lwjgl-nuklear-natives-macos.jar
7f62f90f4000-7f62f90f5000 r--s 00022000 08:07 12198470                   /home/rb2750/Documents/lwjgl/lwjgl-nuklear/lwjgl-nuklear-natives-linux.jar
7f62f90f5000-7f62f90f8000 r--s 00040000 08:07 12198473                   /home/rb2750/Documents/lwjgl/lwjgl-nuklear/lwjgl-nuklear-sources.jar
7f62f90f8000-7f62f90fd000 r--s 0011b000 08:07 12198469                   /home/rb2750/Documents/lwjgl/lwjgl-nuklear/lwjgl-nuklear-javadoc.jar
7f62f90fd000-7f62f9102000 r--s 0005f000 08:07 12198474                   /home/rb2750/Documents/lwjgl/lwjgl-nuklear/lwjgl-nuklear.jar
7f62f9102000-7f62f9103000 r--s 0001f000 08:07 12198464                   /home/rb2750/Documents/lwjgl/lwjgl-nfd/lwjgl-nfd-natives-windows.jar
7f62f9103000-7f62f9104000 r--s 00001000 08:07 12198463                   /home/rb2750/Documents/lwjgl/lwjgl-nfd/lwjgl-nfd-natives-macos.jar
7f62f9104000-7f62f9105000 r--s 00001000 08:07 12198462                   /home/rb2750/Documents/lwjgl/lwjgl-nfd/lwjgl-nfd-natives-linux.jar
7f62f9105000-7f62f9106000 r--s 00001000 08:07 12198465                   /home/rb2750/Documents/lwjgl/lwjgl-nfd/lwjgl-nfd-sources.jar
7f62f9106000-7f62f9108000 r--s 0005a000 08:07 12198461                   /home/rb2750/Documents/lwjgl/lwjgl-nfd/lwjgl-nfd-javadoc.jar
7f62f9108000-7f62f910a000 r--s 00001000 08:07 12198466                   /home/rb2750/Documents/lwjgl/lwjgl-nfd/lwjgl-nfd.jar
7f62f910a000-7f62f910b000 r--s 00068000 08:07 12198455                   /home/rb2750/Documents/lwjgl/lwjgl-nanovg/lwjgl-nanovg-natives-windows.jar
7f62f910b000-7f62f910d000 r--s 00026000 08:07 12198454                   /home/rb2750/Documents/lwjgl/lwjgl-nanovg/lwjgl-nanovg-natives-macos.jar
7f62f910d000-7f62f910e000 r--s 00029000 08:07 12198453                   /home/rb2750/Documents/lwjgl/lwjgl-nanovg/lwjgl-nanovg-natives-linux.jar
7f62f910e000-7f62f910f000 r--s 0000c000 08:07 12198456                   /home/rb2750/Documents/lwjgl/lwjgl-nanovg/lwjgl-nanovg-sources.jar
7f62f910f000-7f62f9112000 r--s 0007b000 08:07 12198452                   /home/rb2750/Documents/lwjgl/lwjgl-nanovg/lwjgl-nanovg-javadoc.jar
7f62f9112000-7f62f9114000 r--s 0000e000 08:07 12198457                   /home/rb2750/Documents/lwjgl/lwjgl-nanovg/lwjgl-nanovg.jar
7f62f9114000-7f62f9115000 r--s 00021000 08:07 12198447                   /home/rb2750/Documents/lwjgl/lwjgl-lz4/lwjgl-lz4-natives-windows.jar
7f62f9115000-7f62f9116000 r--s 0000b000 08:07 12198446                   /home/rb2750/Documents/lwjgl/lwjgl-lz4/lwjgl-lz4-natives-macos.jar
7f62f9116000-7f62f9117000 r--s 0000e000 08:07 12198445                   /home/rb2750/Documents/lwjgl/lwjgl-lz4/lwjgl-lz4-natives-linux.jar
7f62f9117000-7f62f9118000 r--s 0000a000 08:07 12198448                   /home/rb2750/Documents/lwjgl/lwjgl-lz4/lwjgl-lz4-sources.jar
7f62f9118000-7f62f911a000 r--s 00075000 08:07 12198444                   /home/rb2750/Documents/lwjgl/lwjgl-lz4/lwjgl-lz4-javadoc.jar
7f62f911a000-7f62f911c000 r--s 0000b000 08:07 12198449                   /home/rb2750/Documents/lwjgl/lwjgl-lz4/lwjgl-lz4.jar
7f62f911c000-7f62f911d000 r--s 0002e000 08:07 12198440                   /home/rb2750/Documents/lwjgl/lwjgl-lmdb/lwjgl-lmdb-natives-windows.jar
7f62f911d000-7f62f911e000 r--s 0000d000 08:07 12198439                   /home/rb2750/Documents/lwjgl/lwjgl-lmdb/lwjgl-lmdb-natives-macos.jar
7f62f911e000-7f62f9120000 r--s 0000c000 08:07 12198438                   /home/rb2750/Documents/lwjgl/lwjgl-lmdb/lwjgl-lmdb-natives-linux.jar
7f62f9120000-7f62f9122000 r--s 00008000 08:07 12198441                   /home/rb2750/Documents/lwjgl/lwjgl-lmdb/lwjgl-lmdb-sources.jar
7f62f9122000-7f62f9124000 r--s 0006b000 08:07 12198437                   /home/rb2750/Documents/lwjgl/lwjgl-lmdb/lwjgl-lmdb-javadoc.jar
7f62f9124000-7f62f9125000 r--s 00006000 08:07 12198442                   /home/rb2750/Documents/lwjgl/lwjgl-lmdb/lwjgl-lmdb.jar
7f62f9125000-7f62f9126000 r--s 00030000 08:07 12198432                   /home/rb2750/Documents/lwjgl/lwjgl-jemalloc/lwjgl-jemalloc-natives-windows.jar
7f62f9126000-7f62f9127000 r--s 00017000 08:07 12198431                   /home/rb2750/Documents/lwjgl/lwjgl-jemalloc/lwjgl-jemalloc-natives-macos.jar
7f62f9127000-7f62f9129000 r--s 0001f000 08:07 12198430                   /home/rb2750/Documents/lwjgl/lwjgl-jemalloc/lwjgl-jemalloc-natives-linux.jar
7f62f9129000-7f62f912a000 r--s 00007000 08:07 12198433                   /home/rb2750/Documents/lwjgl/lwjgl-jemalloc/lwjgl-jemalloc-sources.jar
7f62f912a000-7f62f912c000 r--s 0006e000 08:07 12198429                   /home/rb2750/Documents/lwjgl/lwjgl-jemalloc/lwjgl-jemalloc-javadoc.jar
7f62f912c000-7f62f912e000 r--s 00008000 08:07 12198434                   /home/rb2750/Documents/lwjgl/lwjgl-jemalloc/lwjgl-jemalloc.jar
7f62f912e000-7f62f912f000 r--s 00004000 08:07 12198425                   /home/rb2750/Documents/lwjgl/lwjgl-jawt/lwjgl-jawt-sources.jar
7f62f912f000-7f62f9132000 r--s 00066000 08:07 12198424                   /home/rb2750/Documents/lwjgl/lwjgl-jawt/lwjgl-jawt-javadoc.jar
7f62f9132000-7f62f9133000 r--s 0003d000 08:07 12198420                   /home/rb2750/Documents/lwjgl/lwjgl-glfw/lwjgl-glfw-natives-windows.jar
7f62f9133000-7f62f9134000 r--s 0000e000 08:07 12198419                   /home/rb2750/Documents/lwjgl/lwjgl-glfw/lwjgl-glfw-natives-macos.jar
7f62f9134000-7f62f9136000 r--s 00022000 08:07 12198396                   /home/rb2750/Documents/lwjgl/lwjgl-glfw/lwjgl-glfw-natives-linux.jar
7f62f9136000-7f62f9138000 r--s 00017000 08:07 12198421                   /home/rb2750/Documents/lwjgl/lwjgl-glfw/lwjgl-glfw-sources.jar
7f62f9138000-7f62f913b000 r--s 0009f000 08:07 12198395                   /home/rb2750/Documents/lwjgl/lwjgl-glfw/lwjgl-glfw-javadoc.jar
7f62f913b000-7f62f913e000 r--s 00019000 08:07 12198422                   /home/rb2750/Documents/lwjgl/lwjgl-glfw/lwjgl-glfw.jar
7f62f913e000-7f62f9142000 r--s 00022000 08:07 12198390                   /home/rb2750/Documents/lwjgl/lwjgl-egl/lwjgl-egl-sources.jar
7f62f9142000-7f62f9147000 r--s 000c9000 08:07 12198389                   /home/rb2750/Documents/lwjgl/lwjgl-egl/lwjgl-egl-javadoc.jar
7f62f9147000-7f62f914c000 r--s 0001e000 08:07 12198392                   /home/rb2750/Documents/lwjgl/lwjgl-egl/lwjgl-egl.jar
7f62f914c000-7f62f914d000 r--s 0009f000 08:07 12198384                   /home/rb2750/Documents/lwjgl/lwjgl-bgfx/lwjgl-bgfx-natives-windows.jar
7f62f914d000-7f62f914e000 r--s 00041000 08:07 12198383                   /home/rb2750/Documents/lwjgl/lwjgl-bgfx/lwjgl-bgfx-natives-macos.jar
7f62f914e000-7f62f914f000 r--s 00051000 08:07 12198382                   /home/rb2750/Documents/lwjgl/lwjgl-bgfx/lwjgl-bgfx-natives-linux.jar
7f62f914f000-7f62f9152000 r--s 0001e000 08:07 12198385                   /home/rb2750/Documents/lwjgl/lwjgl-bgfx/lwjgl-bgfx-sources.jar
7f62f9152000-7f62f9156000 r--s 000bc000 08:07 12198381                   /home/rb2750/Documents/lwjgl/lwjgl-bgfx/lwjgl-bgfx-javadoc.jar
7f62f9156000-7f62f915a000 r--s 00027000 08:07 12198386                   /home/rb2750/Documents/lwjgl/lwjgl-bgfx/lwjgl-bgfx.jar
7f62f915a000-7f62f915b000 r--s 003ca000 08:07 12198376                   /home/rb2750/Documents/lwjgl/lwjgl-assimp/lwjgl-assimp-natives-windows.jar
7f62f915b000-7f62f915c000 r--s 00230000 08:07 12198375                   /home/rb2750/Documents/lwjgl/lwjgl-assimp/lwjgl-assimp-natives-macos.jar
7f62f915c000-7f62f915d000 r--s 002ed000 08:07 12198374                   /home/rb2750/Documents/lwjgl/lwjgl-assimp/lwjgl-assimp-natives-linux.jar
7f62f915d000-7f62f915f000 r--s 00028000 08:07 12198377                   /home/rb2750/Documents/lwjgl/lwjgl-assimp/lwjgl-assimp-sources.jar
7f62f915f000-7f62f9163000 r--s 000d9000 08:07 12198373                   /home/rb2750/Documents/lwjgl/lwjgl-assimp/lwjgl-assimp-javadoc.jar
7f62f9163000-7f62f9167000 r--s 0002e000 08:07 12198378                   /home/rb2750/Documents/lwjgl/lwjgl-assimp/lwjgl-assimp.jar
7f62f9167000-7f62f9171000 r--s 000bf000 08:07 12198499                   /home/rb2750/Documents/lwjgl/lwjgl-opengl/lwjgl-opengl.jar
7f62f9171000-7f62f9172000 r--s 0002a000 08:07 12198497                   /home/rb2750/Documents/lwjgl/lwjgl-opengl/lwjgl-opengl-natives-windows.jar
7f62f9172000-7f62f9173000 r--s 0000b000 08:07 12198496                   /home/rb2750/Documents/lwjgl/lwjgl-opengl/lwjgl-opengl-natives-macos.jar
7f62f9173000-7f62f9174000 r--s 00016000 08:07 12198495                   /home/rb2750/Documents/lwjgl/lwjgl-opengl/lwjgl-opengl-natives-linux.jar
7f62f9174000-7f62f9176000 r--s 00005000 08:07 12198426                   /home/rb2750/Documents/lwjgl/lwjgl-jawt/lwjgl-jawt.jar
7f62f9176000-7f62f917b000 r--s 00045000 08:07 12198370                   /home/rb2750/Documents/lwjgl/lwjgl/lwjgl.jar
7f62f917b000-7f62f918e000 r--s 00346000 08:07 8921808                    /usr/lib/jvm/java-8-openjdk-amd64/jre/lib/resources.jar
7f62f918e000-7f62f91a9000 r--s 001d6000 08:07 8921785                    /usr/lib/jvm/java-8-openjdk-amd64/jre/lib/ext/nashorn.jar
7f62f91a9000-7f62f91ac000 ---p 00000000 00:00 0 
7f62f91ac000-7f62f92aa000 rw-p 00000000 00:00 0 
7f62f92aa000-7f62f9c74000 r--p 00000000 08:07 2497289                    /usr/lib/locale/locale-archive
7f62f9c74000-7f62f9c77000 ---p 00000000 00:00 0 
7f62f9c77000-7f62f9d75000 rw-p 00000000 00:00 0 
7f62f9d75000-7f62f9d78000 ---p 00000000 00:00 0 
7f62f9d78000-7f62f9e76000 rw-p 00000000 00:00 0 
7f62f9e76000-7f62f9e77000 ---p 00000000 00:00 0 
7f62f9e77000-7f62fae86000 rw-p 00000000 00:00 0 
7f62fae86000-7f62fb054000 r--s 03c15000 08:07 8921809                    /usr/lib/jvm/java-8-openjdk-amd64/jre/lib/rt.jar
7f62fb054000-7f62fb6ca000 rw-p 00000000 00:00 0 
7f62fb6ca000-7f62fb8ca000 ---p 00000000 00:00 0 
7f62fb8ca000-7f62fbca6000 rw-p 00000000 00:00 0 
7f62fbca6000-7f62fbca7000 ---p 00000000 00:00 0 
7f62fbca7000-7f62fbda7000 rw-p 00000000 00:00 0 
7f62fbda7000-7f62fbda8000 ---p 00000000 00:00 0 
7f62fbda8000-7f62fbea8000 rw-p 00000000 00:00 0 
7f62fbea8000-7f62fbea9000 ---p 00000000 00:00 0 
7f62fbea9000-7f62fbfd3000 rw-p 00000000 00:00 0 
7f62fbfd3000-7f62fc23c000 ---p 00000000 00:00 0 
7f62fc23c000-7f62fc266000 rw-p 00000000 00:00 0 
7f62fc266000-7f62fc4ce000 ---p 00000000 00:00 0 
7f62fc4ce000-7f62fc4e4000 rw-p 00000000 00:00 0 
7f62fc4e4000-7f62fc618000 ---p 00000000 00:00 0 
7f62fc618000-7f62fc623000 rw-p 00000000 00:00 0 
7f62fc623000-7f62fc9d9000 ---p 00000000 00:00 0 
7f62fc9d9000-7f62fcc49000 rwxp 00000000 00:00 0 
7f62fcc49000-7f630b9d9000 ---p 00000000 00:00 0 
7f630b9d9000-7f630b9e1000 r-xp 00000000 08:07 8921766                    /usr/lib/jvm/java-8-openjdk-amd64/jre/lib/amd64/libzip.so
7f630b9e1000-7f630bbe0000 ---p 00008000 08:07 8921766                    /usr/lib/jvm/java-8-openjdk-amd64/jre/lib/amd64/libzip.so
7f630bbe0000-7f630bbe1000 r--p 00007000 08:07 8921766                    /usr/lib/jvm/java-8-openjdk-amd64/jre/lib/amd64/libzip.so
7f630bbe1000-7f630bbe2000 rw-p 00008000 08:07 8921766                    /usr/lib/jvm/java-8-openjdk-amd64/jre/lib/amd64/libzip.so
7f630bbe2000-7f630bbed000 r-xp 00000000 08:07 398741                     /lib/x86_64-linux-gnu/libnss_files-2.26.so
7f630bbed000-7f630bdec000 ---p 0000b000 08:07 398741                     /lib/x86_64-linux-gnu/libnss_files-2.26.so
7f630bdec000-7f630bded000 r--p 0000a000 08:07 398741                     /lib/x86_64-linux-gnu/libnss_files-2.26.so
7f630bded000-7f630bdee000 rw-p 0000b000 08:07 398741                     /lib/x86_64-linux-gnu/libnss_files-2.26.so
7f630bdee000-7f630bdf4000 rw-p 00000000 00:00 0 
7f630bdf4000-7f630bdff000 r-xp 00000000 08:07 398752                     /lib/x86_64-linux-gnu/libnss_nis-2.26.so
7f630bdff000-7f630bffe000 ---p 0000b000 08:07 398752                     /lib/x86_64-linux-gnu/libnss_nis-2.26.so
7f630bffe000-7f630bfff000 r--p 0000a000 08:07 398752                     /lib/x86_64-linux-gnu/libnss_nis-2.26.so
7f630bfff000-7f630c000000 rw-p 0000b000 08:07 398752                     /lib/x86_64-linux-gnu/libnss_nis-2.26.so
7f630c000000-7f630cb36000 rw-p 00000000 00:00 0 
7f630cb36000-7f6310000000 ---p 00000000 00:00 0 
7f6310000000-7f6310001000 r--s 00039000 08:07 12198368                   /home/rb2750/Documents/lwjgl/lwjgl/lwjgl-natives-windows.jar
7f6310001000-7f6310003000 r--s 00008000 08:07 12198367                   /home/rb2750/Documents/lwjgl/lwjgl/lwjgl-natives-macos.jar
7f6310003000-7f6310008000 r--s 0009a000 08:07 8921803                    /usr/lib/jvm/java-8-openjdk-amd64/jre/lib/jsse.jar
7f6310008000-7f631000b000 r--s 00015000 08:07 8921801                    /usr/lib/jvm/java-8-openjdk-amd64/jre/lib/jce.jar
7f631000b000-7f6310015000 r--s 00116000 08:07 8921784                    /usr/lib/jvm/java-8-openjdk-amd64/jre/lib/ext/localedata.jar
7f6310015000-7f6310030000 r--s 00394000 08:07 8921780                    /usr/lib/jvm/java-8-openjdk-amd64/jre/lib/ext/cldrdata.jar
7f6310030000-7f6310031000 ---p 00000000 00:00 0 
7f6310031000-7f6310131000 rw-p 00000000 00:00 0 
7f6310131000-7f6310148000 r-xp 00000000 08:07 398735                     /lib/x86_64-linux-gnu/libnsl-2.26.so
7f6310148000-7f6310347000 ---p 00017000 08:07 398735                     /lib/x86_64-linux-gnu/libnsl-2.26.so
7f6310347000-7f6310348000 r--p 00016000 08:07 398735                     /lib/x86_64-linux-gnu/libnsl-2.26.so
7f6310348000-7f6310349000 rw-p 00017000 08:07 398735                     /lib/x86_64-linux-gnu/libnsl-2.26.so
7f6310349000-7f631034b000 rw-p 00000000 00:00 0 
7f631034b000-7f6310353000 r-xp 00000000 08:07 398737                     /lib/x86_64-linux-gnu/libnss_compat-2.26.so
7f6310353000-7f6310552000 ---p 00008000 08:07 398737                     /lib/x86_64-linux-gnu/libnss_compat-2.26.so
7f6310552000-7f6310553000 r--p 00007000 08:07 398737                     /lib/x86_64-linux-gnu/libnss_compat-2.26.so
7f6310553000-7f6310554000 rw-p 00008000 08:07 398737                     /lib/x86_64-linux-gnu/libnss_compat-2.26.so
7f6310554000-7f631055e000 r-xp 00000000 08:07 8921742                    /usr/lib/jvm/java-8-openjdk-amd64/jre/lib/amd64/libinstrument.so
7f631055e000-7f631075d000 ---p 0000a000 08:07 8921742                    /usr/lib/jvm/java-8-openjdk-amd64/jre/lib/amd64/libinstrument.so
7f631075d000-7f631075e000 r--p 00009000 08:07 8921742                    /usr/lib/jvm/java-8-openjdk-amd64/jre/lib/amd64/libinstrument.so
7f631075e000-7f631075f000 rw-p 0000a000 08:07 8921742                    /usr/lib/jvm/java-8-openjdk-amd64/jre/lib/amd64/libinstrument.so
7f631075f000-7f631078c000 r-xp 00000000 08:07 8921747                    /usr/lib/jvm/java-8-openjdk-amd64/jre/lib/amd64/libjava.so
7f631078c000-7f631098c000 ---p 0002d000 08:07 8921747                    /usr/lib/jvm/java-8-openjdk-amd64/jre/lib/amd64/libjava.so
7f631098c000-7f631098d000 r--p 0002d000 08:07 8921747                    /usr/lib/jvm/java-8-openjdk-amd64/jre/lib/amd64/libjava.so
7f631098d000-7f631098f000 rw-p 0002e000 08:07 8921747                    /usr/lib/jvm/java-8-openjdk-amd64/jre/lib/amd64/libjava.so
7f631098f000-7f631099f000 r-xp 00000000 08:07 8921765                    /usr/lib/jvm/java-8-openjdk-amd64/jre/lib/amd64/libverify.so
7f631099f000-7f6310b9e000 ---p 00010000 08:07 8921765                    /usr/lib/jvm/java-8-openjdk-amd64/jre/lib/amd64/libverify.so
7f6310b9e000-7f6310ba0000 r--p 0000f000 08:07 8921765                    /usr/lib/jvm/java-8-openjdk-amd64/jre/lib/amd64/libverify.so
7f6310ba0000-7f6310ba1000 rw-p 00011000 08:07 8921765                    /usr/lib/jvm/java-8-openjdk-amd64/jre/lib/amd64/libverify.so
7f6310ba1000-7f6310ba8000 r-xp 00000000 08:07 398795                     /lib/x86_64-linux-gnu/librt-2.26.so
7f6310ba8000-7f6310da7000 ---p 00007000 08:07 398795                     /lib/x86_64-linux-gnu/librt-2.26.so
7f6310da7000-7f6310da8000 r--p 00006000 08:07 398795                     /lib/x86_64-linux-gnu/librt-2.26.so
7f6310da8000-7f6310da9000 rw-p 00007000 08:07 398795                     /lib/x86_64-linux-gnu/librt-2.26.so
7f6310da9000-7f6310dbf000 r-xp 00000000 08:07 398686                     /lib/x86_64-linux-gnu/libgcc_s.so.1
7f6310dbf000-7f6310fbe000 ---p 00016000 08:07 398686                     /lib/x86_64-linux-gnu/libgcc_s.so.1
7f6310fbe000-7f6310fbf000 r--p 00015000 08:07 398686                     /lib/x86_64-linux-gnu/libgcc_s.so.1
7f6310fbf000-7f6310fc0000 rw-p 00016000 08:07 398686                     /lib/x86_64-linux-gnu/libgcc_s.so.1
7f6310fc0000-7f6311115000 r-xp 00000000 08:07 398714                     /lib/x86_64-linux-gnu/libm-2.26.so
7f6311115000-7f6311314000 ---p 00155000 08:07 398714                     /lib/x86_64-linux-gnu/libm-2.26.so
7f6311314000-7f6311315000 r--p 00154000 08:07 398714                     /lib/x86_64-linux-gnu/libm-2.26.so
7f6311315000-7f6311316000 rw-p 00155000 08:07 398714                     /lib/x86_64-linux-gnu/libm-2.26.so
7f6311316000-7f631148e000 r-xp 00000000 08:07 2500995                    /usr/lib/x86_64-linux-gnu/libstdc++.so.6.0.24
7f631148e000-7f631168d000 ---p 00178000 08:07 2500995                    /usr/lib/x86_64-linux-gnu/libstdc++.so.6.0.24
7f631168d000-7f6311697000 r--p 00177000 08:07 2500995                    /usr/lib/x86_64-linux-gnu/libstdc++.so.6.0.24
7f6311697000-7f6311699000 rw-p 00181000 08:07 2500995                    /usr/lib/x86_64-linux-gnu/libstdc++.so.6.0.24
7f6311699000-7f631169c000 rw-p 00000000 00:00 0 
7f631169c000-7f6312326000 r-xp 00000000 08:07 8921769                    /usr/lib/jvm/java-8-openjdk-amd64/jre/lib/amd64/server/libjvm.so
7f6312326000-7f6312526000 ---p 00c8a000 08:07 8921769                    /usr/lib/jvm/java-8-openjdk-amd64/jre/lib/amd64/server/libjvm.so
7f6312526000-7f63125b9000 r--p 00c8a000 08:07 8921769                    /usr/lib/jvm/java-8-openjdk-amd64/jre/lib/amd64/server/libjvm.so
7f63125b9000-7f63125e1000 rw-p 00d1d000 08:07 8921769                    /usr/lib/jvm/java-8-openjdk-amd64/jre/lib/amd64/server/libjvm.so
7f63125e1000-7f6312612000 rw-p 00000000 00:00 0 
7f6312612000-7f631262c000 r-xp 00000000 08:07 398787                     /lib/x86_64-linux-gnu/libpthread-2.26.so
7f631262c000-7f631282b000 ---p 0001a000 08:07 398787                     /lib/x86_64-linux-gnu/libpthread-2.26.so
7f631282b000-7f631282c000 r--p 00019000 08:07 398787                     /lib/x86_64-linux-gnu/libpthread-2.26.so
7f631282c000-7f631282d000 rw-p 0001a000 08:07 398787                     /lib/x86_64-linux-gnu/libpthread-2.26.so
7f631282d000-7f6312831000 rw-p 00000000 00:00 0 
7f6312831000-7f6312834000 r-xp 00000000 08:07 398672                     /lib/x86_64-linux-gnu/libdl-2.26.so
7f6312834000-7f6312a33000 ---p 00003000 08:07 398672                     /lib/x86_64-linux-gnu/libdl-2.26.so
7f6312a33000-7f6312a34000 r--p 00002000 08:07 398672                     /lib/x86_64-linux-gnu/libdl-2.26.so
7f6312a34000-7f6312a35000 rw-p 00003000 08:07 398672                     /lib/x86_64-linux-gnu/libdl-2.26.so
7f6312a35000-7f6312a51000 r-xp 00000000 08:07 395012                     /lib/x86_64-linux-gnu/libz.so.1.2.11
7f6312a51000-7f6312c50000 ---p 0001c000 08:07 395012                     /lib/x86_64-linux-gnu/libz.so.1.2.11
7f6312c50000-7f6312c51000 r--p 0001b000 08:07 395012                     /lib/x86_64-linux-gnu/libz.so.1.2.11
7f6312c51000-7f6312c52000 rw-p 0001c000 08:07 395012                     /lib/x86_64-linux-gnu/libz.so.1.2.11
7f6312c52000-7f6312e28000 r-xp 00000000 08:07 398648                     /lib/x86_64-linux-gnu/libc-2.26.so
7f6312e28000-7f6313028000 ---p 001d6000 08:07 398648                     /lib/x86_64-linux-gnu/libc-2.26.so
7f6313028000-7f631302c000 r--p 001d6000 08:07 398648                     /lib/x86_64-linux-gnu/libc-2.26.so
7f631302c000-7f631302e000 rw-p 001da000 08:07 398648                     /lib/x86_64-linux-gnu/libc-2.26.so
7f631302e000-7f6313032000 rw-p 00000000 00:00 0 
7f6313032000-7f6313040000 r-xp 00000000 08:07 8921733                    /usr/lib/jvm/java-8-openjdk-amd64/jre/lib/amd64/jli/libjli.so
7f6313040000-7f631323f000 ---p 0000e000 08:07 8921733                    /usr/lib/jvm/java-8-openjdk-amd64/jre/lib/amd64/jli/libjli.so
7f631323f000-7f6313240000 r--p 0000d000 08:07 8921733                    /usr/lib/jvm/java-8-openjdk-amd64/jre/lib/amd64/jli/libjli.so
7f6313240000-7f6313241000 rw-p 0000e000 08:07 8921733                    /usr/lib/jvm/java-8-openjdk-amd64/jre/lib/amd64/jli/libjli.so
7f6313241000-7f6313268000 r-xp 00000000 08:07 398620                     /lib/x86_64-linux-gnu/ld-2.26.so
7f6313268000-7f6313269000 r--s 00013000 08:07 12198366                   /home/rb2750/Documents/lwjgl/lwjgl/lwjgl-natives-linux.jar
7f6313269000-7f631326a000 r--s 00000000 08:07 8921806                    /usr/lib/jvm/java-8-openjdk-amd64/jre/lib/management-agent.jar
7f631326a000-7f631326c000 r--s 00007000 08:07 2898887                    /usr/share/java/java-atk-wrapper.jar
7f631326c000-7f6313271000 r--s 002f9000 08:07 8921770                    /usr/lib/jvm/java-8-openjdk-amd64/jre/lib/charsets.jar
7f6313271000-7f6313272000 r--s 00010000 08:07 8921789                    /usr/lib/jvm/java-8-openjdk-amd64/jre/lib/ext/zipfs.jar
7f6313272000-7f6313277000 r--s 0003b000 08:07 8921787                    /usr/lib/jvm/java-8-openjdk-amd64/jre/lib/ext/sunjce_provider.jar
7f6313277000-7f631327b000 r--s 00037000 08:07 8921788                    /usr/lib/jvm/java-8-openjdk-amd64/jre/lib/ext/sunpkcs11.jar
7f631327b000-7f631327c000 r--s 0000a000 08:07 8921783                    /usr/lib/jvm/java-8-openjdk-amd64/jre/lib/ext/jaccess.jar
7f631327c000-7f6313325000 rw-p 00000000 00:00 0 
7f6313325000-7f6313328000 ---p 00000000 00:00 0 
7f6313328000-7f631342b000 rw-p 00000000 00:00 0 
7f631342b000-7f631342d000 r--s 00008000 08:07 8921786                    /usr/lib/jvm/java-8-openjdk-amd64/jre/lib/ext/sunec.jar
7f631342d000-7f631342f000 r--s 00007000 08:07 2898887                    /usr/share/java/java-atk-wrapper.jar
7f631342f000-7f6313432000 r--s 0000f000 08:07 8921782                    /usr/lib/jvm/java-8-openjdk-amd64/jre/lib/ext/icedtea-sound.jar
7f6313432000-7f6313434000 r--s 00001000 08:07 8921781                    /usr/lib/jvm/java-8-openjdk-amd64/jre/lib/ext/dnsns.jar
7f6313434000-7f631345b000 rw-p 00000000 00:00 0 
7f631345b000-7f6313463000 rw-s 00000000 08:07 11936628                   /tmp/hsperfdata_rb2750/6489
7f6313463000-7f6313464000 rw-p 00000000 00:00 0 
7f6313464000-7f6313465000 r--p 00000000 00:00 0 
7f6313465000-7f6313468000 rw-p 00000000 00:00 0 
7f6313468000-7f6313469000 r--p 00027000 08:07 398620                     /lib/x86_64-linux-gnu/ld-2.26.so
7f6313469000-7f631346a000 rw-p 00028000 08:07 398620                     /lib/x86_64-linux-gnu/ld-2.26.so
7f631346a000-7f631346b000 rw-p 00000000 00:00 0 
7fff66b0c000-7fff66b2f000 rw-p 00000000 00:00 0                          [stack]
7fff66ba3000-7fff66ba6000 r--p 00000000 00:00 0                          [vvar]
7fff66ba6000-7fff66ba8000 r-xp 00000000 00:00 0                          [vdso]
ffffffffff600000-ffffffffff601000 r-xp 00000000 00:00 0                  [vsyscall]

VM Arguments:
jvm_args: -javaagent:/snap/intellij-idea-ultimate/54/lib/idea_rt.jar=42247:/snap/intellij-idea-ultimate/54/bin -Dfile.encoding=UTF-8 
java_command: com.rb2750.lwjgl.Main
java_class_path (initial): /usr/lib/jvm/java-1.8.0-openjdk-amd64/jre/lib/charsets.jar:/usr/lib/jvm/java-1.8.0-openjdk-amd64/jre/lib/ext/cldrdata.jar:/usr/lib/jvm/java-1.8.0-openjdk-amd64/jre/lib/ext/dnsns.jar:/usr/lib/jvm/java-1.8.0-openjdk-amd64/jre/lib/ext/icedtea-sound.jar:/usr/lib/jvm/java-1.8.0-openjdk-amd64/jre/lib/ext/jaccess.jar:/usr/lib/jvm/java-1.8.0-openjdk-amd64/jre/lib/ext/java-atk-wrapper.jar:/usr/lib/jvm/java-1.8.0-openjdk-amd64/jre/lib/ext/localedata.jar:/usr/lib/jvm/java-1.8.0-openjdk-amd64/jre/lib/ext/nashorn.jar:/usr/lib/jvm/java-1.8.0-openjdk-amd64/jre/lib/ext/sunec.jar:/usr/lib/jvm/java-1.8.0-openjdk-amd64/jre/lib/ext/sunjce_provider.jar:/usr/lib/jvm/java-1.8.0-openjdk-amd64/jre/lib/ext/sunpkcs11.jar:/usr/lib/jvm/java-1.8.0-openjdk-amd64/jre/lib/ext/zipfs.jar:/usr/lib/jvm/java-1.8.0-openjdk-amd64/jre/lib/jce.jar:/usr/lib/jvm/java-1.8.0-openjdk-amd64/jre/lib/jsse.jar:/usr/lib/jvm/java-1.8.0-openjdk-amd64/jre/lib/management-agent.jar:/usr/lib/jvm/java-1.8.0-openjdk-amd64/jre/lib/resources.jar:/usr/lib/jvm/java-1.8.0-openjdk-amd64/jre/lib/rt.jar:/home/rb2750/Documents/Projects/LWJGL Test/target/classes:/home/rb2750/Documents/lwjgl/lwjgl/lwjgl-natives-linux.jar:/home/rb2750/Documents/lwjgl/lwjgl/lwjgl-natives-macos.jar:/home/rb2750/Documents/lwjgl/lwjgl/lwjgl-natives-windows.jar:/home/rb2750/Documents/lwjgl/lwjgl/lwjgl.jar:/home/rb2750/Documents/lwjgl/lwjgl-jawt/lwjgl-jawt.jar:/home/rb2750/Documents/lwjgl/lwjgl-opengl/lwjgl-opengl-natives-linux.jar:/home/rb2750/Documents/lwjgl/lwjgl-opengl/lwjgl-opengl-natives-macos.jar:/home/rb2750/Documents/lwjgl/lwjgl-opengl/lwjgl-opengl-natives-windows.jar:/home/rb2750/Documents/lwjgl/lwjgl-opengl/lwjgl-opengl.jar:/home/rb2750/Documents/lwjgl/lwjgl-assimp/lwjgl-assimp.jar:/home/rb2750/Documents/lwjgl/lwjgl-assimp/lwjgl-assimp-javadoc.jar:/home/rb2750/Documents/lwjgl/lwjgl-assimp/lwjgl-assimp-sources.jar:/home/rb2750/Documents/lwjgl/lwjgl-assimp/lwjgl-assimp-natives-linux.jar:/home/rb2750/Documents/lwjgl/lwjgl-
Launcher Type: SUN_STANDARD

Environment Variables:
PATH=/home/rb2750/.local/share/umake/bin:/home/linuxbrew/.linuxbrew/bin:/home/linuxbrew/.linuxbrew/sbin:/home/linuxbrew/.linuxbrew/bin:/home/linuxbrew/.linuxbrew/sbin:/home/linuxbrew/.linuxbrew/bin:/home/linuxbrew/.linuxbrew/sbin:/bin:/sbin:/home/rb2750/bin:/home/rb2750/.local/bin:/usr/local/sbin:/usr/local/bin:/usr/sbin:/usr/bin:/sbin:/bin:/usr/games:/usr/local/games:/snap/bin:/home/rb2750/.local/bin
SHELL=/bin/bash
DISPLAY=:0

Signal Handlers:
SIGSEGV: [libjvm.so+0xaa6ab0], sa_mask[0]=11111111011111111101111111111110, sa_flags=SA_RESTART|SA_SIGINFO
SIGBUS: [libjvm.so+0xaa6ab0], sa_mask[0]=11111111011111111101111111111110, sa_flags=SA_RESTART|SA_SIGINFO
SIGFPE: [libjvm.so+0x8dded0], sa_mask[0]=11111111011111111101111111111110, sa_flags=SA_RESTART|SA_SIGINFO
SIGPIPE: [libjvm.so+0x8dded0], sa_mask[0]=11111111011111111101111111111110, sa_flags=SA_RESTART|SA_SIGINFO
SIGXFSZ: [libjvm.so+0x8dded0], sa_mask[0]=11111111011111111101111111111110, sa_flags=SA_RESTART|SA_SIGINFO
SIGILL: [libjvm.so+0x8dded0], sa_mask[0]=11111111011111111101111111111110, sa_flags=SA_RESTART|SA_SIGINFO
SIGUSR1: SIG_DFL, sa_mask[0]=00000000000000000000000000000000, sa_flags=none
SIGUSR2: [libjvm.so+0x8ddd80], sa_mask[0]=00100000000000000000000000000000, sa_flags=SA_RESTART|SA_SIGINFO
SIGHUP: [libjvm.so+0x8de230], sa_mask[0]=11111111011111111101111111111110, sa_flags=SA_RESTART|SA_SIGINFO
SIGINT: [libjvm.so+0x8de230], sa_mask[0]=11111111011111111101111111111110, sa_flags=SA_RESTART|SA_SIGINFO
SIGTERM: [libjvm.so+0x8de230], sa_mask[0]=11111111011111111101111111111110, sa_flags=SA_RESTART|SA_SIGINFO
SIGQUIT: [libjvm.so+0x8de230], sa_mask[0]=11111111011111111101111111111110, sa_flags=SA_RESTART|SA_SIGINFO


---------------  S Y S T E M  ---------------

OS:DISTRIB_ID=Ubuntu
DISTRIB_RELEASE=17.10
DISTRIB_CODENAME=artful
DISTRIB_DESCRIPTION="Ubuntu 17.10"

uname:Linux 4.13.0-19-generic #22-Ubuntu SMP Mon Dec 4 11:58:07 UTC 2017 x86_64
libc:glibc 2.26 NPTL 2.26 
rlimit: STACK 8192k, CORE infinity, NPROC 31092, NOFILE 1048576, AS infinity
load average:2.02 2.33 2.32

/proc/meminfo:
MemTotal:        8089804 kB
MemFree:          781820 kB
MemAvailable:    2285396 kB
Buffers:          379236 kB
Cached:          2103060 kB
SwapCached:       183520 kB
Active:          5207140 kB
Inactive:        1707416 kB
Active(anon):    4184604 kB
Inactive(anon):  1061020 kB
Active(file):    1022536 kB
Inactive(file):   646396 kB
Unevictable:          64 kB
Mlocked:              64 kB
SwapTotal:       2097148 kB
SwapFree:        1086540 kB
Dirty:             20652 kB
Writeback:             0 kB
AnonPages:       4418400 kB
Mapped:          1065468 kB
Shmem:            836744 kB
Slab:             230296 kB
SReclaimable:     115964 kB
SUnreclaim:       114332 kB
KernelStack:       17444 kB
PageTables:        61352 kB
NFS_Unstable:          0 kB
Bounce:                0 kB
WritebackTmp:          0 kB
CommitLimit:     6142048 kB
Committed_AS:   14302240 kB
VmallocTotal:   34359738367 kB
VmallocUsed:           0 kB
VmallocChunk:          0 kB
HardwareCorrupted:     0 kB
AnonHugePages:         0 kB
ShmemHugePages:        0 kB
ShmemPmdMapped:        0 kB
CmaTotal:              0 kB
CmaFree:               0 kB
HugePages_Total:       0
HugePages_Free:        0
HugePages_Rsvd:        0
HugePages_Surp:        0
Hugepagesize:       2048 kB
DirectMap4k:      429504 kB
DirectMap2M:     7878656 kB
DirectMap1G:     1048576 kB


CPU:total 4 (initial active 4) (2 cores per cpu, 2 threads per core) family 6 model 69 stepping 1, cmov, cx8, fxsr, mmx, sse, sse2, sse3, ssse3, sse4.1, sse4.2, popcnt, avx, avx2, aes, clmul, erms, lzcnt, ht, tsc, tscinvbit, bmi1, bmi2

/proc/cpuinfo:
processor	: 0
vendor_id	: GenuineIntel
cpu family	: 6
model		: 69
model name	: Intel(R) Core(TM) i5-4210U CPU @ 1.70GHz
stepping	: 1
microcode	: 0x20
cpu MHz		: 2394.540
cache size	: 3072 KB
physical id	: 0
siblings	: 4
core id		: 0
cpu cores	: 2
apicid		: 0
initial apicid	: 0
fpu		: yes
fpu_exception	: yes
cpuid level	: 13
wp		: yes
flags		: fpu vme de pse tsc msr pae mce cx8 apic sep mtrr pge mca cmov pat pse36 clflush dts acpi mmx fxsr sse sse2 ss ht tm pbe syscall nx pdpe1gb rdtscp lm constant_tsc arch_perfmon pebs bts rep_good nopl xtopology nonstop_tsc cpuid aperfmperf pni pclmulqdq dtes64 monitor ds_cpl vmx est tm2 ssse3 sdbg fma cx16 xtpr pdcm pcid sse4_1 sse4_2 movbe popcnt tsc_deadline_timer aes xsave avx f16c rdrand lahf_lm abm cpuid_fault epb tpr_shadow vnmi flexpriority ept vpid fsgsbase tsc_adjust bmi1 avx2 smep bmi2 erms invpcid xsaveopt dtherm ida arat pln pts
bugs		:
bogomips	: 4789.08
clflush size	: 64
cache_alignment	: 64
address sizes	: 39 bits physical, 48 bits virtual
power management:

processor	: 1
vendor_id	: GenuineIntel
cpu family	: 6
model		: 69
model name	: Intel(R) Core(TM) i5-4210U CPU @ 1.70GHz
stepping	: 1
microcode	: 0x20
cpu MHz		: 2394.540
cache size	: 3072 KB
physical id	: 0
siblings	: 4
core id		: 0
cpu cores	: 2
apicid		: 1
initial apicid	: 1
fpu		: yes
fpu_exception	: yes
cpuid level	: 13
wp		: yes
flags		: fpu vme de pse tsc msr pae mce cx8 apic sep mtrr pge mca cmov pat pse36 clflush dts acpi mmx fxsr sse sse2 ss ht tm pbe syscall nx pdpe1gb rdtscp lm constant_tsc arch_perfmon pebs bts rep_good nopl xtopology nonstop_tsc cpuid aperfmperf pni pclmulqdq dtes64 monitor ds_cpl vmx est tm2 ssse3 sdbg fma cx16 xtpr pdcm pcid sse4_1 sse4_2 movbe popcnt tsc_deadline_timer aes xsave avx f16c rdrand lahf_lm abm cpuid_fault epb tpr_shadow vnmi flexpriority ept vpid fsgsbase tsc_adjust bmi1 avx2 smep bmi2 erms invpcid xsaveopt dtherm ida arat pln pts
bugs		:
bogomips	: 4789.08
clflush size	: 64
cache_alignment	: 64
address sizes	: 39 bits physical, 48 bits virtual
power management:

processor	: 2
vendor_id	: GenuineIntel
cpu family	: 6
model		: 69
model name	: Intel(R) Core(TM) i5-4210U CPU @ 1.70GHz
stepping	: 1
microcode	: 0x20
cpu MHz		: 2394.540
cache size	: 3072 KB
physical id	: 0
siblings	: 4
core id		: 1
cpu cores	: 2
apicid		: 2
initial apicid	: 2
fpu		: yes
fpu_exception	: yes
cpuid level	: 13
wp		: yes
flags		: fpu vme de pse tsc msr pae mce cx8 apic sep mtrr pge mca cmov pat pse36 clflush dts acpi mmx fxsr sse sse2 ss ht tm pbe syscall nx pdpe1gb rdtscp lm constant_tsc arch_perfmon pebs bts rep_good nopl xtopology nonstop_tsc cpuid aperfmperf pni pclmulqdq dtes64 monitor ds_cpl vmx est tm2 ssse3 sdbg fma cx16 xtpr pdcm pcid sse4_1 sse4_2 movbe popcnt tsc_deadline_timer aes xsave avx f16c rdrand lahf_lm abm cpuid_fault epb tpr_shadow vnmi flexpriority ept vpid fsgsbase tsc_adjust bmi1 avx2 smep bmi2 erms invpcid xsaveopt dtherm ida arat pln pts
bugs		:
bogomips	: 4789.08
clflush size	: 64
cache_alignment	: 64
address sizes	: 39 bits physical, 48 bits virtual
power management:

processor	: 3
vendor_id	: GenuineIntel
cpu family	: 6
model		: 69
model name	: Intel(R) Core(TM) i5-4210U CPU @ 1.70GHz
stepping	: 1
microcode	: 0x20
cpu MHz		: 2394.540
cache size	: 3072 KB
physical id	: 0
siblings	: 4
core id		: 1
cpu cores	: 2
apicid		: 3
initial apicid	: 3
fpu		: yes
fpu_exception	: yes
cpuid level	: 13
wp		: yes
flags		: fpu vme de pse tsc msr pae mce cx8 apic sep mtrr pge mca cmov pat pse36 clflush dts acpi mmx fxsr sse sse2 ss ht tm pbe syscall nx pdpe1gb rdtscp lm constant_tsc arch_perfmon pebs bts rep_good nopl xtopology nonstop_tsc cpuid aperfmperf pni pclmulqdq dtes64 monitor ds_cpl vmx est tm2 ssse3 sdbg fma cx16 xtpr pdcm pcid sse4_1 sse4_2 movbe popcnt tsc_deadline_timer aes xsave avx f16c rdrand lahf_lm abm cpuid_fault epb tpr_shadow vnmi flexpriority ept vpid fsgsbase tsc_adjust bmi1 avx2 smep bmi2 erms invpcid xsaveopt dtherm ida arat pln pts
bugs		:
bogomips	: 4789.08
clflush size	: 64
cache_alignment	: 64
address sizes	: 39 bits physical, 48 bits virtual
power management:



Memory: 4k page, physical 8089804k(781992k free), swap 2097148k(1086540k free)

vm_info: OpenJDK 64-Bit Server VM (25.144-b01) for linux-amd64 JRE (1.8.0_144-8u144-b01-2-b01), built on Sep 30 2017 00:37:14 by "buildd" with gcc 7.2.0

time: Wed Jul 11 13:22:14 2018
elapsed time: 0 seconds (0d 0h 0m 0s)

